<?xml version="1.0" encoding="UTF-8"?>
<testsuites name="TestSuite1" time="14" tests="1" failures="0" errors="0">
   <testsuite name="TestSuite1" tests="1" failures="0" errors="0" time="14" timestamp="2019-04-12 16:08:11" hostname="Administrator - EC2AMAZ-NDM7R0M" id="Test Suites/TestSuite1">
      <properties>
         <property name="deviceName" value=""/>
         <property name="devicePlatform" value=""/>
         <property name="logFolder" value="D:\\Desktop\\Projects\\KatalonStudio\\DemoProject_12April\\Reports\\TestSuite1\\20190412_160806"/>
         <property name="logFiles" value="D:\\Desktop\\Projects\\KatalonStudio\\DemoProject_12April\\Reports\\TestSuite1\\20190412_160806\\execution0.log"/>
         <property name="attachments" value=""/>
         <property name="hostName" value="Administrator - EC2AMAZ-NDM7R0M"/>
         <property name="os" value="Windows Server 2016 64bit"/>
         <property name="katalonVersion" value="6.1.1.1"/>
         <property name="browser" value="Firefox 65.0"/>
         <property name="hostAddress" value="172.20.128.1"/>
         <property name="sessionId" value="d163f970-4acd-44e6-a7c7-048011e108d2"/>
         <property name="seleniumVersion" value="3.7.1"/>
         <property name="proxyInformation" value="ProxyInformation{proxyOption=NO_PROXY, proxyServerType=HTTP, password=, proxyServerAddress=, proxyServerPort=0}"/>
         <property name="platform" value="Windows Server 2016"/>
      </properties>
      <testcase name="Test Cases/Test5" classname="Test Cases/Test5" status="PASSED">
         <system-out><![CDATA[2019-04-12 16:08:11 - [TEST_CASE][PASSED] - Test Cases/Test5: Test Cases/Test5

2019-04-12 16:08:12 - [TEST_STEP][PASSED] - openBrowser(""): Browser is opened with url: ''

2019-04-12 16:08:13 - [MESSAGE][INFO] - Starting 'Firefox' driver

2019-04-12 16:08:13 - [MESSAGE][INFO] - Action delay is set to 0 seconds

2019-04-12 16:08:19 - [MESSAGE][PASSED] - Browser is opened with url: ''

2019-04-12 16:08:19 - [TEST_STEP][PASSED] - navigateToUrl("https://opensource-demo.orangehrmlive.com/"): Navigate to 'https://opensource-demo.orangehrmlive.com/' successfully

2019-04-12 16:08:21 - [MESSAGE][PASSED] - Navigate to 'https://opensource-demo.orangehrmlive.com/' successfully

2019-04-12 16:08:21 - [TEST_STEP][PASSED] - click(findTestObject("Object Repository/Page_OrangeHRM/span_Username")): Object: 'Object Repository/Page_OrangeHRM/span_Username' is clicked on

2019-04-12 16:08:21 - [MESSAGE][PASSED] - Object: 'Object Repository/Page_OrangeHRM/span_Username' is clicked on

2019-04-12 16:08:21 - [TEST_STEP][PASSED] - setText(findTestObject("Object Repository/Page_OrangeHRM/input_LOGIN Panel_txtUsername"), "Admin"): Text 'Admin' is set on object 'Object Repository/Page_OrangeHRM/input_LOGIN Panel_txtUsername'

2019-04-12 16:08:21 - [MESSAGE][PASSED] - Text 'Admin' is set on object 'Object Repository/Page_OrangeHRM/input_LOGIN Panel_txtUsername'

2019-04-12 16:08:21 - [TEST_STEP][PASSED] - setEncryptedText(findTestObject("Object Repository/Page_OrangeHRM/input_Username_txtPassword"), "hUKwJTbofgPU9eVlw/CnDQ=="): Text ****** has been set on object 'Object Repository/Page_OrangeHRM/input_Username_txtPassword'

2019-04-12 16:08:21 - [MESSAGE][PASSED] - Text ****** has been set on object 'Object Repository/Page_OrangeHRM/input_Username_txtPassword'

2019-04-12 16:08:21 - [TEST_STEP][PASSED] - click(findTestObject("Object Repository/Page_OrangeHRM/input_Password_Submit")): Object: 'Object Repository/Page_OrangeHRM/input_Password_Submit' is clicked on

2019-04-12 16:08:22 - [MESSAGE][PASSED] - Object: 'Object Repository/Page_OrangeHRM/input_Password_Submit' is clicked on

2019-04-12 16:08:22 - [TEST_STEP][PASSED] - click(findTestObject("Object Repository/Page_OrangeHRM/a_Welcome Admin")): Object: 'Object Repository/Page_OrangeHRM/a_Welcome Admin' is clicked on

2019-04-12 16:08:23 - [MESSAGE][PASSED] - Object: 'Object Repository/Page_OrangeHRM/a_Welcome Admin' is clicked on

2019-04-12 16:08:23 - [TEST_STEP][PASSED] - waitForElementPresent(findTestObject("Page_OrangeHRM/a_Logout"), 5): Object 'Object Repository/Page_OrangeHRM/a_Logout' is present

2019-04-12 16:08:23 - [MESSAGE][PASSED] - Object 'Object Repository/Page_OrangeHRM/a_Logout' is present

2019-04-12 16:08:23 - [TEST_STEP][PASSED] - click(findTestObject("Object Repository/Page_OrangeHRM/a_Logout")): Object: 'Object Repository/Page_OrangeHRM/a_Logout' is clicked on

2019-04-12 16:08:23 - [MESSAGE][PASSED] - Object: 'Object Repository/Page_OrangeHRM/a_Logout' is clicked on

2019-04-12 16:08:23 - [TEST_STEP][PASSED] - closeBrowser(): Browser is closed

2019-04-12 16:08:25 - [MESSAGE][PASSED] - Browser is closed]]></system-out>
         <system-err><![CDATA[]]></system-err>
      </testcase>
      <system-out><![CDATA[2019-04-12 16:08:11 - [TEST_SUITE][PASSED] - TestSuite1: Test Cases/Test5]]></system-out>
      <system-err><![CDATA[]]></system-err>
   </testsuite>
</testsuites>
